<?xml version="1.0" encoding="UTF-8"?>
<!-- Generated by org.testng.reporters.JUnitReportReporter -->
<testsuite skipped="0" hostname="Sunny" name="com.actitime.tests.OpenCompletedTask" tests="1" failures="0" timestamp="27 Apr 2018 17:41:14 GMT" time="92.429" errors="0">
  <testcase name="testOpenCompletedTaskTest" time="92.429" classname="com.actitime.tests.OpenCompletedTask"/>
</testsuite> <!-- com.actitime.tests.OpenCompletedTask -->
