<?xml version="1.0" encoding="UTF-8"?>
<!-- Generated by org.testng.reporters.JUnitReportReporter -->
<testsuite skipped="0" hostname="Sunny" name="com.actitime.tests.ValidLoginLogoutTest" tests="1" failures="0" timestamp="27 Apr 2018 17:41:13 GMT" time="72.424" errors="0">
  <testcase name="testvalidLoginLogout" time="72.424" classname="com.actitime.tests.ValidLoginLogoutTest"/>
</testsuite> <!-- com.actitime.tests.ValidLoginLogoutTest -->
