<?xml version="1.0" encoding="UTF-8"?>
<!-- Generated by org.testng.reporters.JUnitReportReporter -->
<testsuite skipped="0" hostname="Sunny" name="com.actitime.tests.ValidLoginLogoutTest" tests="1" failures="0" timestamp="03 Jul 2018 17:14:28 GMT" time="116.998" errors="0">
  <testcase name="testvalidLoginLogout" time="116.998" classname="com.actitime.tests.ValidLoginLogoutTest"/>
</testsuite> <!-- com.actitime.tests.ValidLoginLogoutTest -->
