<?xml version="1.0" encoding="UTF-8"?>
<!-- Generated by org.testng.reporters.JUnitReportReporter -->
<testsuite skipped="0" hostname="Sunny" name="com.actitime.tests.VerifyBuildNumberTest" tests="1" failures="0" timestamp="18 Apr 2018 13:36:21 GMT" time="68.518" errors="0">
  <testcase name="testVerifyBuild" time="68.518" classname="com.actitime.tests.VerifyBuildNumberTest"/>
</testsuite> <!-- com.actitime.tests.VerifyBuildNumberTest -->
