<?xml version="1.0" encoding="UTF-8"?>
<!-- Generated by org.testng.reporters.JUnitReportReporter -->
<testsuite skipped="0" hostname="Sunny" name="com.actitime.tests.VerifyBuildNumberTest" tests="1" failures="0" timestamp="27 Apr 2018 17:50:57 GMT" time="219.045" errors="0">
  <testcase name="testVerifyBuild" time="219.045" classname="com.actitime.tests.VerifyBuildNumberTest"/>
</testsuite> <!-- com.actitime.tests.VerifyBuildNumberTest -->
