<?xml version="1.0" encoding="UTF-8"?>
<!-- Generated by org.testng.reporters.JUnitReportReporter -->
<testsuite skipped="0" hostname="Sunny" name="com.actitime.tests.InvalidLoginTest" tests="1" failures="0" timestamp="27 Apr 2018 17:41:14 GMT" time="137.625" errors="0">
  <testcase name="testInvalidLogin" time="137.625" classname="com.actitime.tests.InvalidLoginTest"/>
</testsuite> <!-- com.actitime.tests.InvalidLoginTest -->
