<?xml version="1.0" encoding="UTF-8"?>
<!-- Generated by org.testng.reporters.JUnitReportReporter -->
<testsuite skipped="0" hostname="Sunny" name="com.actitime.tests.VerifyBuildNumberTest" tests="1" failures="0" timestamp="03 Jul 2018 17:14:28 GMT" time="63.591" errors="0">
  <testcase name="testVerifyBuild" time="63.591" classname="com.actitime.tests.VerifyBuildNumberTest"/>
</testsuite> <!-- com.actitime.tests.VerifyBuildNumberTest -->
