<?xml version="1.0" encoding="UTF-8"?>
<!-- Generated by org.testng.reporters.JUnitReportReporter -->
<testsuite skipped="0" hostname="Sunny" name="com.actitime.tests.OpenCompletedTask" tests="1" failures="0" timestamp="18 Apr 2018 13:36:21 GMT" time="77.024" errors="0">
  <testcase name="testOpenCompletedTaskTest" time="77.024" classname="com.actitime.tests.OpenCompletedTask"/>
</testsuite> <!-- com.actitime.tests.OpenCompletedTask -->
