<?xml version="1.0" encoding="UTF-8"?>
<!-- Generated by org.testng.reporters.JUnitReportReporter -->
<testsuite skipped="0" hostname="Sunny" name="com.actitime.tests.OpenCompletedTask" tests="1" failures="0" timestamp="03 Jul 2018 17:14:28 GMT" time="78.770" errors="0">
  <testcase name="testOpenCompletedTaskTest" time="78.770" classname="com.actitime.tests.OpenCompletedTask"/>
</testsuite> <!-- com.actitime.tests.OpenCompletedTask -->
