<?xml version="1.0" encoding="UTF-8"?>
<!-- Generated by org.testng.reporters.JUnitReportReporter -->
<testsuite skipped="0" hostname="Sunny" name="com.actitime.tests.VerifyActitimeVersionTest" tests="1" failures="0" timestamp="18 Apr 2018 13:36:21 GMT" time="27.087" errors="0">
  <testcase name="testVerifyVersion" time="27.087" classname="com.actitime.tests.VerifyActitimeVersionTest"/>
</testsuite> <!-- com.actitime.tests.VerifyActitimeVersionTest -->
