<?xml version="1.0" encoding="UTF-8"?>
<!-- Generated by org.testng.reporters.JUnitReportReporter -->
<testsuite skipped="0" hostname="Sunny" name="com.actitime.tests.ValidLoginLogoutTest" tests="1" failures="0" timestamp="18 Apr 2018 13:36:21 GMT" time="42.937" errors="0">
  <testcase name="testvalidLoginLogout" time="42.937" classname="com.actitime.tests.ValidLoginLogoutTest"/>
</testsuite> <!-- com.actitime.tests.ValidLoginLogoutTest -->
