<?xml version="1.0" encoding="UTF-8"?>
<!-- Generated by org.testng.reporters.JUnitReportReporter -->
<testsuite skipped="0" hostname="Sunny" name="com.actitime.tests.VerifyActitimeVersionTest" tests="1" failures="0" timestamp="03 Jul 2018 17:14:28 GMT" time="41.207" errors="0">
  <testcase name="testVerifyVersion" time="41.207" classname="com.actitime.tests.VerifyActitimeVersionTest"/>
</testsuite> <!-- com.actitime.tests.VerifyActitimeVersionTest -->
