<?xml version="1.0" encoding="UTF-8"?>
<!-- Generated by org.testng.reporters.JUnitReportReporter -->
<testsuite skipped="0" hostname="Sunny" name="com.actitime.tests.VerifyActitimeVersionTest" tests="1" failures="0" timestamp="27 Apr 2018 17:50:57 GMT" time="89.178" errors="0">
  <testcase name="testVerifyVersion" time="89.178" classname="com.actitime.tests.VerifyActitimeVersionTest"/>
</testsuite> <!-- com.actitime.tests.VerifyActitimeVersionTest -->
