<?xml version="1.0" encoding="UTF-8"?>
<!-- Generated by org.testng.reporters.JUnitReportReporter -->
<testsuite skipped="0" hostname="Sunny" name="com.actitime.tests.InvalidLoginTest" tests="1" failures="0" timestamp="18 Apr 2018 13:36:21 GMT" time="96.766" errors="0">
  <testcase name="testInvalidLogin" time="96.766" classname="com.actitime.tests.InvalidLoginTest"/>
</testsuite> <!-- com.actitime.tests.InvalidLoginTest -->
