<?xml version="1.0" encoding="UTF-8"?>
<!-- Generated by org.testng.reporters.JUnitReportReporter -->
<testsuite skipped="0" hostname="Sunny" name="com.actitime.tests.InvalidLoginTest" tests="1" failures="0" timestamp="03 Jul 2018 17:14:26 GMT" time="84.693" errors="0">
  <testcase name="testInvalidLogin" time="84.693" classname="com.actitime.tests.InvalidLoginTest"/>
</testsuite> <!-- com.actitime.tests.InvalidLoginTest -->
